<?xml version="1.0" encoding="UTF-8"?>
<!-- Generated by org.testng.reporters.JUnitReportReporter -->
<testsuite hostname="LTIN214668" failures="0" tests="1" name="testCases.TC_02_SurgeryList" time="6.671" errors="0" timestamp="22 Feb 2024 12:05:11 GMT">
  <testcase classname="testCases.TC_02_SurgeryList" name="surLst" time="6.671"/>
</testsuite> <!-- testCases.TC_02_SurgeryList -->
