<?xml version="1.0" encoding="UTF-8"?>
<!-- Generated by org.testng.reporters.JUnitReportReporter -->
<testsuite hostname="LTIN214668" failures="0" tests="5" name="testCases.TC_01_DoctorSearch" time="264.828" errors="0" timestamp="3 Mar 2024 08:42:10 GMT">
  <testcase classname="testCases.TC_01_DoctorSearch" name="FormValidation" time="117.281"/>
  <testcase classname="testCases.TC_01_DoctorSearch" name="surLst" time="69.640"/>
  <testcase classname="testCases.TC_01_DoctorSearch" name="search" time="20.953"/>
  <testcase classname="testCases.TC_01_DoctorSearch" name="sortD" time="45.097"/>
  <testcase classname="testCases.TC_01_DoctorSearch" name="GetName" time="11.857"/>
</testsuite> <!-- testCases.TC_01_DoctorSearch -->
