<?xml version="1.0" encoding="UTF-8"?>
<!-- Generated by org.testng.reporters.JUnitReportReporter -->
<testsuite hostname="LTIN214668" failures="0" tests="1" name="testCases.TC_01_HospitalSearch" time="30.804" errors="0" timestamp="15 Feb 2024 09:19:57 GMT">
  <testcase classname="testCases.TC_01_HospitalSearch" name="search" time="30.804"/>
</testsuite> <!-- testCases.TC_01_HospitalSearch -->
